Arguments: 
  C:\Program Files\nodejs\node.exe C:\Users\ednei\AppData\Roaming\npm\node_modules\yarn\bin\yarn.js add nodemon sucrese -D

PATH: 
  C:\Users\ednei\bin;C:\Program Files\Git\mingw64\bin;C:\Program Files\Git\usr\local\bin;C:\Program Files\Git\usr\bin;C:\Program Files\Git\usr\bin;C:\Program Files\Git\mingw64\bin;C:\Program Files\Git\usr\bin;C:\Users\ednei\bin;C:\Windows\system32;C:\Windows;C:\Windows\System32\Wbem;C:\Windows\System32\WindowsPowerShell\v1.0;C:\Windows\System32\OpenSSH;C:\Program Files\nodejs;C:\Program Files (x86)\Java\jdk1.8.0_202\bin;C:\Users\ednei\AppData\Local\Android\Sdk\platform-tools;C:\Users\ednei\AppData\Local\Android\Sdk\tools;C:\Program Files\Git\cmd;C:\Users\ednei\AppData\Local\Microsoft\WindowsApps;C:\Users\ednei\AppData\Local\Programs\Microsoft VS Code\bin;C:\Users\ednei\AppData\Roaming\npm;C:\Program Files\Git\usr\bin\vendor_perl;C:\Program Files\Git\usr\bin\core_perl

Yarn version: 
  1.22.17

Node version: 
  16.13.1

Platform: 
  win32 x64

Trace: 
  Error: https://registry.yarnpkg.com/sucrese: Not found
      at Request.params.callback [as _callback] (C:\Users\ednei\AppData\Roaming\npm\node_modules\yarn\lib\cli.js:67029:18)
      at Request.self.callback (C:\Users\ednei\AppData\Roaming\npm\node_modules\yarn\lib\cli.js:140883:22)
      at Request.emit (node:events:390:28)
      at Request.<anonymous> (C:\Users\ednei\AppData\Roaming\npm\node_modules\yarn\lib\cli.js:141855:10)
      at Request.emit (node:events:390:28)
      at IncomingMessage.<anonymous> (C:\Users\ednei\AppData\Roaming\npm\node_modules\yarn\lib\cli.js:141777:12)
      at Object.onceWrapper (node:events:509:28)
      at IncomingMessage.emit (node:events:402:35)
      at endReadableNT (node:internal/streams/readable:1343:12)
      at processTicksAndRejections (node:internal/process/task_queues:83:21)

npm manifest: 
  {
    "name": "back",
    "version": "1.0.0",
    "description": "",
    "main": "index.js",
    "scripts": {
      "test": "echo \"Error: no test specified\" && exit 1"
    },
    "keywords": [],
    "author": "",
    "license": "ISC",
    "devDependencies": {
      "eslint": "^8.6.0",
      "eslint-config-airbnb-base": "^15.0.0",
      "eslint-plugin-import": "^2.25.4"
    }
  }

yarn manifest: 
  No manifest

Lockfile: 
  No lockfile
